[12-Jun-26 18:22:21 - WARNING] - yato - bot - Bot can't Export Invite link from Force Sub Channel!
[12-Jun-26 18:22:21 - WARNING] - yato - bot - 
Bot Stopped.
[12-Jun-26 18:22:21 - WARNING] - yato - bot - 
Bot Stopped.
[12-Jun-26 18:22:55 - INFO] - yato - bot - Primary DB Channel: -1002783627126
[12-Jun-26 18:22:55 - INFO] - yato - bot - Total DB Channels: 0
[12-Jun-26 18:22:55 - INFO] - yato - bot - Total DB Channels: 0
[12-Jun-26 18:22:55 - INFO] - yato - bot - Bot Started!!
[12-Jun-26 18:22:55 - INFO] - yato - bot - Bot Started!!
[12-Jun-26 18:22:55 - INFO] - yato - bot - Bot Started!!
[12-Jun-26 18:22:55 - WARNING] - yato - bot - Failed to send restart notification to owner: Telegram says: [400 PEER_ID_INVALID]  Pyrogram 2.3.50 thinks: The peer id being used is invalid or not known yet. Make sure you meet the peer before interacting with it
[12-Jun-26 18:22:55 - WARNING] - yato - bot - Failed to send restart notification to owner: Telegram says: [400 PEER_ID_INVALID]  Pyrogram 2.3.50 thinks: The peer id being used is invalid or not known yet. Make sure you meet the peer before interacting with it
[12-Jun-26 18:22:55 - WARNING] - yato - bot - Failed to send restart notification to owner: Telegram says: [400 PEER_ID_INVALID]  Pyrogram 2.3.50 thinks: The peer id being used is invalid or not known yet. Make sure you meet the peer before interacting with it
[12-Jun-26 18:22:55 - WARNING] - yato - bot - Failed to send restart notification to owner: Telegram says: [400 PEER_ID_INVALID]  Pyrogram 2.3.50 thinks: The peer id being used is invalid or not known yet. Make sure you meet the peer before interacting with it
[12-Jun-26 18:25:11 - INFO] - yato - plugins.start - Trying to get messages from source channel: -1002783627126
[12-Jun-26 18:25:12 - INFO] - yato - plugins.start - Found 1 messages from source channel -1002783627126
[12-Jun-26 18:25:12 - INFO] - yato - plugins.start - Found 1 messages from source channel -1002783627126
[12-Jun-26 18:37:12 - INFO] - yato - plugins.start - Trying to get messages from source channel: -1002783627126
[12-Jun-26 18:37:12 - INFO] - yato - plugins.start - Trying to get messages from source channel: -1002783627126
[12-Jun-26 18:37:12 - INFO] - yato - plugins.start - Trying to get messages from source channel: -1002783627126
[12-Jun-26 18:37:12 - INFO] - yato - plugins.start - Found 1 messages from source channel -1002783627126
[12-Jun-26 18:37:12 - INFO] - yato - plugins.start - Found 1 messages from source channel -1002783627126
[12-Jun-26 18:37:12 - INFO] - yato - plugins.start - Found 1 messages from source channel -1002783627126
[12-Jun-26 18:37:12 - INFO] - yato - plugins.start - Found 1 messages from source channel -1002783627126
[12-Jun-26 18:39:02 - INFO] - yato - bot - Primary DB Channel: -1002783627126
[12-Jun-26 18:39:02 - INFO] - yato - bot - Total DB Channels: 0
[12-Jun-26 18:39:02 - INFO] - yato - bot - Total DB Channels: 0
[12-Jun-26 18:39:02 - INFO] - yato - bot - Bot Started!!
[12-Jun-26 18:39:02 - INFO] - yato - bot - Bot Started!!
[12-Jun-26 18:39:02 - INFO] - yato - bot - Bot Started!!
[12-Jun-26 18:39:02 - INFO] - yato - bot - Restart notification sent to owner: 8002803133
[12-Jun-26 18:39:02 - INFO] - yato - bot - Restart notification sent to owner: 8002803133
[12-Jun-26 18:39:02 - INFO] - yato - bot - Restart notification sent to owner: 8002803133
[12-Jun-26 18:39:02 - INFO] - yato - bot - Restart notification sent to owner: 8002803133
[12-Jun-26 18:41:30 - INFO] - yato - bot - Primary DB Channel: -1002783627126
[12-Jun-26 18:41:30 - INFO] - yato - bot - Total DB Channels: 0
[12-Jun-26 18:41:30 - INFO] - yato - bot - Total DB Channels: 0
[12-Jun-26 18:41:30 - INFO] - yato - bot - Bot Started!!
[12-Jun-26 18:41:30 - INFO] - yato - bot - Bot Started!!
[12-Jun-26 18:41:30 - INFO] - yato - bot - Bot Started!!
[12-Jun-26 18:41:30 - INFO] - yato - bot - Restart notification sent to owner: 8002803133
[12-Jun-26 18:41:30 - INFO] - yato - bot - Restart notification sent to owner: 8002803133
[12-Jun-26 18:41:30 - INFO] - yato - bot - Restart notification sent to owner: 8002803133
[12-Jun-26 18:41:30 - INFO] - yato - bot - Restart notification sent to owner: 8002803133
[12-Jun-26 18:45:56 - INFO] - yato - plugins.link_generator - Generating batch link with source channel: -1002783627126, first_msg: 16548, last_msg: 16550
[12-Jun-26 18:48:08 - INFO] - yato - bot - Bot stopped.
[12-Jun-26 18:48:08 - INFO] - yato - bot - Bot stopped.
[12-Jun-26 18:48:08 - INFO] - yato - bot - Bot stopped.
[12-Jun-26 18:48:08 - INFO] - yato - bot - Bot stopped.
[12-Jun-26 18:48:08 - INFO] - yato - bot - Bot stopped.
[12-Jun-26 18:48:11 - INFO] - yato - bot - Primary DB Channel: -1002783627126
[12-Jun-26 18:48:11 - INFO] - yato - bot - Total DB Channels: 0
[12-Jun-26 18:48:11 - INFO] - yato - bot - Total DB Channels: 0
[12-Jun-26 18:48:11 - INFO] - yato - bot - Bot Started!!
[12-Jun-26 18:48:11 - INFO] - yato - bot - Bot Started!!
[12-Jun-26 18:48:11 - INFO] - yato - bot - Bot Started!!
[12-Jun-26 18:48:11 - INFO] - yato - bot - Restart notification sent to owner: 8002803133
[12-Jun-26 18:48:11 - INFO] - yato - bot - Restart notification sent to owner: 8002803133
[12-Jun-26 18:48:11 - INFO] - yato - bot - Restart notification sent to owner: 8002803133
[12-Jun-26 18:48:11 - INFO] - yato - bot - Restart notification sent to owner: 8002803133
